npm verbose cli C:\Program Files\nodejs\node.exe C:\Program Files\nodejs\node_modules\npm\bin\npm-cli.js
npm info using npm@10.7.0
npm info using node@v20.15.1
npm verbose title npm install
npm verbose argv "install" "--legacy-peer-deps" "--loglevel" "verbose"
npm verbose logfile logs-max:10 dir:C:\Users\Pichau\AppData\Local\npm-cache\_logs\2024-07-20T20_37_33_300Z-
npm verbose logfile C:\Users\Pichau\AppData\Local\npm-cache\_logs\2024-07-20T20_37_33_300Z-debug-0.log
npm http fetch GET 200 https://registry.npmjs.org/chai 878ms (cache revalidated)
npm http fetch GET 200 https://registry.npmjs.org/faker 95ms (cache revalidated)
npm http fetch GET 200 https://registry.npmjs.org/jest 75ms (cache revalidated)
npm http fetch GET 200 https://registry.npmjs.org/mocha 668ms (cache revalidated)
npm http fetch GET 200 https://registry.npmjs.org/browserstack-cypress-cli 78ms (cache revalidated)
npm http fetch GET 200 https://registry.npmjs.org/cypress 58ms (cache revalidated)
npm http fetch GET 200 https://registry.npmjs.org/archiver 104ms (cache revalidated)
npm http fetch GET 200 https://registry.npmjs.org/gitconfiglocal 159ms (cache revalidated)
npm http fetch GET 200 https://registry.npmjs.org/fs-extra 178ms (cache revalidated)
npm http fetch GET 200 https://registry.npmjs.org/browserstack-local 218ms (cache revalidated)
npm http fetch GET 200 https://registry.npmjs.org/async 224ms (cache revalidated)
npm http fetch GET 200 https://registry.npmjs.org/git-last-commit 236ms (cache revalidated)
npm http fetch GET 200 https://registry.npmjs.org/git-repo-info 242ms (cache revalidated)
npm http fetch GET 200 https://registry.npmjs.org/cli-progress 260ms (cache revalidated)
npm http fetch GET 200 https://registry.npmjs.org/chalk 275ms (cache revalidated)
npm http fetch GET 200 https://registry.npmjs.org/glob 280ms (cache revalidated)
npm http fetch GET 200 https://registry.npmjs.org/getmac 304ms (cache revalidated)
npm http fetch GET 200 https://registry.npmjs.org/mkdirp 220ms (cache revalidated)
npm http fetch GET 200 https://registry.npmjs.org/node-ipc 188ms (cache revalidated)
npm http fetch GET 200 https://registry.npmjs.org/request 183ms (cache revalidated)
npm http fetch GET 200 https://registry.npmjs.org/table 187ms (cache revalidated)
npm http fetch GET 200 https://registry.npmjs.org/requestretry 207ms (cache revalidated)
npm http fetch GET 200 https://registry.npmjs.org/winston 154ms (cache revalidated)
npm http fetch GET 200 https://registry.npmjs.org/yargs 156ms (cache revalidated)
npm http fetch GET 200 https://registry.npmjs.org/update-notifier 223ms (cache revalidated)
npm http fetch GET 200 https://registry.npmjs.org/check-error 158ms (cache revalidated)
npm http fetch GET 200 https://registry.npmjs.org/uuid 264ms (cache revalidated)
npm http fetch GET 200 https://registry.npmjs.org/tmp 101ms (cache revalidated)
npm http fetch GET 200 https://registry.npmjs.org/dayjs 86ms (cache revalidated)
npm http fetch GET 200 https://registry.npmjs.org/pathval 150ms (cache revalidated)
npm http fetch GET 200 https://registry.npmjs.org/loupe 162ms (cache revalidated)
npm http fetch GET 200 https://registry.npmjs.org/debug 86ms (cache revalidated)
npm http fetch GET 200 https://registry.npmjs.org/execa 87ms (cache revalidated)
npm http fetch GET 200 https://registry.npmjs.org/arch 172ms (cache revalidated)
npm http fetch GET 200 https://registry.npmjs.org/getos 94ms (cache revalidated)
npm http fetch GET 200 https://registry.npmjs.org/assertion-error 317ms (cache revalidated)
npm http fetch GET 200 https://registry.npmjs.org/is-ci 95ms (cache revalidated)
npm http fetch GET 200 https://registry.npmjs.org/buffer 100ms (cache revalidated)
npm http fetch GET 200 https://registry.npmjs.org/listr2 96ms (cache revalidated)
npm http fetch GET 200 https://registry.npmjs.org/figures 91ms (cache revalidated)
npm http fetch GET 200 https://registry.npmjs.org/lodash 129ms (cache revalidated)
npm http fetch GET 200 https://registry.npmjs.org/semver 119ms (cache revalidated)
npm http fetch GET 200 https://registry.npmjs.org/process 124ms (cache revalidated)
npm http fetch GET 200 https://registry.npmjs.org/bluebird 101ms (cache revalidated)
npm http fetch GET 200 https://registry.npmjs.org/lazy-ass 98ms (cache revalidated)
npm http fetch GET 200 https://registry.npmjs.org/cachedir 130ms (cache revalidated)
npm http fetch GET 200 https://registry.npmjs.org/commander 70ms (cache revalidated)
npm http fetch GET 200 https://registry.npmjs.org/minimist 136ms (cache revalidated)
npm http fetch GET 200 https://registry.npmjs.org/blob-util 122ms (cache revalidated)
npm http fetch GET 200 https://registry.npmjs.org/enquirer 185ms (cache revalidated)
npm http fetch GET 200 https://registry.npmjs.org/cli-cursor 123ms (cache revalidated)
npm http fetch GET 200 https://registry.npmjs.org/untildify 130ms (cache revalidated)
npm http fetch GET 200 https://registry.npmjs.org/cli-table3 111ms (cache revalidated)
npm http fetch GET 200 https://registry.npmjs.org/decompress 696ms (cache revalidated)
npm http fetch GET 200 https://registry.npmjs.org/pretty-bytes 63ms (cache revalidated)
npm http fetch GET 200 https://registry.npmjs.org/windows-release 808ms (cache revalidated)
npm http fetch GET 200 https://registry.npmjs.org/log-symbols 87ms (cache revalidated)
npm http fetch GET 200 https://registry.npmjs.org/deep-eql 701ms (cache revalidated)
npm http fetch GET 200 https://registry.npmjs.org/@types%2fsizzle 77ms (cache revalidated)
npm http fetch GET 200 https://registry.npmjs.org/eventemitter2 75ms (cache revalidated)
npm http fetch GET 200 https://registry.npmjs.org/proxy-from-env 80ms (cache revalidated)
npm http fetch GET 200 https://registry.npmjs.org/supports-color 86ms (cache revalidated)
npm http fetch GET 200 https://registry.npmjs.org/@cypress%2frequest 108ms (cache revalidated)
npm http fetch GET 200 https://registry.npmjs.org/request-progress 66ms (cache revalidated)
npm http fetch GET 200 https://registry.npmjs.org/is-installed-globally 68ms (cache revalidated)
npm http fetch GET 200 https://registry.npmjs.org/jest-cli 64ms (cache revalidated)
npm http fetch GET 200 https://registry.npmjs.org/yauzl 707ms (cache revalidated)
npm http fetch GET 200 https://registry.npmjs.org/@jest%2fcore 93ms (cache revalidated)
npm http fetch GET 200 https://registry.npmjs.org/ospath 682ms (cache revalidated)
npm http fetch GET 200 https://registry.npmjs.org/@jest%2ftypes 100ms (cache revalidated)
npm http fetch GET 200 https://registry.npmjs.org/import-local 63ms (cache revalidated)
npm http fetch GET 200 https://registry.npmjs.org/ansi-colors 80ms (cache revalidated)
npm http fetch GET 200 https://registry.npmjs.org/browser-stdout 81ms (cache revalidated)
npm http fetch GET 200 https://registry.npmjs.org/diff 73ms (cache revalidated)
npm http fetch GET 200 https://registry.npmjs.org/chokidar 93ms (cache revalidated)
npm http fetch GET 200 https://registry.npmjs.org/escape-string-regexp 77ms (cache revalidated)
npm http fetch GET 200 https://registry.npmjs.org/find-up 83ms (cache revalidated)
npm http fetch GET 200 https://registry.npmjs.org/he 84ms (cache revalidated)
npm http fetch GET 200 https://registry.npmjs.org/minimatch 67ms (cache revalidated)
npm http fetch GET 200 https://registry.npmjs.org/ms 81ms (cache revalidated)
npm http fetch GET 200 https://registry.npmjs.org/js-yaml 114ms (cache revalidated)
npm http fetch GET 200 https://registry.npmjs.org/serialize-javascript 74ms (cache revalidated)
npm http fetch GET 200 https://registry.npmjs.org/strip-json-comments 75ms (cache revalidated)
npm http fetch GET 200 https://registry.npmjs.org/workerpool 90ms (cache revalidated)
npm http fetch GET 200 https://registry.npmjs.org/yargs-unparser 76ms (cache revalidated)
npm http fetch GET 200 https://registry.npmjs.org/yargs-parser 91ms (cache revalidated)
npm http fetch GET 200 https://registry.npmjs.org/executable 711ms (cache revalidated)
npm http fetch GET 200 https://registry.npmjs.org/common-tags 705ms (cache revalidated)
npm http fetch GET 200 https://registry.npmjs.org/extract-zip 694ms (cache revalidated)
npm http fetch GET 200 https://registry.npmjs.org/check-more-types 679ms (cache revalidated)
npm http fetch GET 200 https://registry.npmjs.org/@cypress%2fxvfb 1303ms (cache revalidated)
npm http fetch GET 200 https://registry.npmjs.org/@types%2fsinonjs__fake-timers 1232ms (cache revalidated)
npm http fetch GET 200 https://registry.npmjs.org/readdir-glob 80ms (cache revalidated)
npm http fetch GET 200 https://registry.npmjs.org/buffer-crc32 97ms (cache revalidated)
npm http fetch GET 200 https://registry.npmjs.org/readable-stream 103ms (cache revalidated)
npm http fetch GET 200 https://registry.npmjs.org/archiver-utils 138ms (cache revalidated)
npm http fetch GET 200 https://registry.npmjs.org/is-running 134ms (cache revalidated)
npm http fetch GET 200 https://registry.npmjs.org/temp-fs 135ms (cache revalidated)
npm http fetch GET 200 https://registry.npmjs.org/ps-tree 139ms (cache revalidated)
npm http fetch GET 200 https://registry.npmjs.org/https-proxy-agent 146ms (cache revalidated)
npm http fetch GET 200 https://registry.npmjs.org/agent-base 143ms (cache revalidated)
npm http fetch GET 200 https://registry.npmjs.org/tar-stream 162ms (cache revalidated)
npm http fetch GET 200 https://registry.npmjs.org/zip-stream 169ms (cache revalidated)
npm http fetch GET 200 https://registry.npmjs.org/ansi-styles 111ms (cache revalidated)
npm http fetch GET 200 https://registry.npmjs.org/decompress-tarbz2 105ms (cache revalidated)
npm http fetch GET 200 https://registry.npmjs.org/string-width 145ms (cache revalidated)
npm http fetch GET 200 https://registry.npmjs.org/make-dir 381ms (cache revalidated)
npm http fetch GET 200 https://registry.npmjs.org/graceful-fs 390ms (cache revalidated)
npm http fetch GET 200 https://registry.npmjs.org/pify 388ms (cache revalidated)
npm http fetch GET 200 https://registry.npmjs.org/graceful-fs 382ms (cache revalidated)
npm http fetch GET 200 https://registry.npmjs.org/decompress-targz 419ms (cache revalidated)
npm http fetch GET 200 https://registry.npmjs.org/universalify 359ms (cache revalidated)
npm http fetch GET 200 https://registry.npmjs.org/@types%2fnode 368ms (cache revalidated)
npm http fetch GET 200 https://registry.npmjs.org/inherits 200ms (cache revalidated)
npm http fetch GET 200 https://registry.npmjs.org/inflight 209ms (cache revalidated)
npm http fetch GET 200 https://registry.npmjs.org/once 217ms (cache revalidated)
npm http fetch GET 200 https://registry.npmjs.org/ini 227ms (cache revalidated)
npm http fetch GET 200 https://registry.npmjs.org/fs.realpath 202ms (cache revalidated)
npm http fetch GET 200 https://registry.npmjs.org/decompress-tar 723ms (cache revalidated)
npm http fetch GET 200 https://registry.npmjs.org/aws-sign2 77ms (cache revalidated)
npm http fetch GET 200 https://registry.npmjs.org/aws4 77ms (cache revalidated)
npm http fetch GET 200 https://registry.npmjs.org/path-is-absolute 250ms (cache revalidated)
npm http fetch GET 200 https://registry.npmjs.org/event-pubsub 117ms (cache revalidated)
npm http fetch GET 200 https://registry.npmjs.org/js-queue 104ms (cache revalidated)
npm http fetch GET 200 https://registry.npmjs.org/js-message 125ms (cache revalidated)
npm http fetch GET 200 https://registry.npmjs.org/caseless 122ms (cache revalidated)
npm http fetch GET 200 https://registry.npmjs.org/decompress-unzip 752ms (cache revalidated)
npm http fetch GET 200 https://registry.npmjs.org/jsonfile 709ms (cache revalidated)
npm http fetch GET 200 https://registry.npmjs.org/strip-dirs 741ms (cache revalidated)
npm http fetch GET 200 https://registry.npmjs.org/combined-stream 110ms (cache revalidated)
npm http fetch GET 200 https://registry.npmjs.org/extend 124ms (cache revalidated)
npm http fetch GET 200 https://registry.npmjs.org/forever-agent 124ms (cache revalidated)
npm http fetch GET 200 https://registry.npmjs.org/form-data 124ms (cache revalidated)
npm http fetch GET 200 https://registry.npmjs.org/har-validator 151ms (cache revalidated)
npm http fetch GET 200 https://registry.npmjs.org/http-signature 143ms (cache revalidated)
npm http fetch GET 200 https://registry.npmjs.org/is-typedarray 135ms (cache revalidated)
npm http fetch GET 200 https://registry.npmjs.org/json-stringify-safe 134ms (cache revalidated)
npm http fetch GET 200 https://registry.npmjs.org/mime-types 138ms (cache revalidated)
npm http fetch GET 200 https://registry.npmjs.org/oauth-sign 140ms (cache revalidated)
npm http fetch GET 200 https://registry.npmjs.org/isstream 157ms (cache revalidated)
npm http fetch GET 200 https://registry.npmjs.org/performance-now 133ms (cache revalidated)
npm http fetch GET 200 https://registry.npmjs.org/qs 129ms (cache revalidated)
npm http fetch GET 200 https://registry.npmjs.org/tunnel-agent 124ms (cache revalidated)
npm http fetch GET 200 https://registry.npmjs.org/tough-cookie 155ms (cache revalidated)
npm http fetch GET 200 https://registry.npmjs.org/safe-buffer 171ms (cache revalidated)
npm http fetch GET 200 https://registry.npmjs.org/slice-ansi 128ms (cache revalidated)
npm http fetch GET 200 https://registry.npmjs.org/pupa 127ms (cache revalidated)
npm http fetch GET 200 https://registry.npmjs.org/ajv 156ms (cache revalidated)
npm http fetch GET 200 https://registry.npmjs.org/is-npm 155ms (cache revalidated)
npm http fetch GET 200 https://registry.npmjs.org/is-in-ci 154ms (cache revalidated)
npm http fetch GET 200 https://registry.npmjs.org/configstore 143ms (cache revalidated)
npm http fetch GET 200 https://registry.npmjs.org/import-lazy 143ms (cache revalidated)
npm http fetch GET 200 https://registry.npmjs.org/eyes 128ms (cache revalidated)
npm http fetch GET 200 https://registry.npmjs.org/semver-diff 150ms (cache revalidated)
npm http fetch GET 200 https://registry.npmjs.org/xdg-basedir 150ms (cache revalidated)
npm http fetch GET 200 https://registry.npmjs.org/latest-version 162ms (cache revalidated)
npm http fetch GET 200 https://registry.npmjs.org/colors 128ms (cache revalidated)
npm http fetch GET 200 https://registry.npmjs.org/y18n 111ms (cache revalidated)
npm http fetch GET 200 https://registry.npmjs.org/cycle 157ms (cache revalidated)
npm http fetch GET 200 https://registry.npmjs.org/decamelize 72ms (cache revalidated)
npm http fetch GET 200 https://registry.npmjs.org/set-blocking 100ms (cache revalidated)
npm http fetch GET 200 https://registry.npmjs.org/require-main-filename 68ms (cache revalidated)
npm http fetch GET 200 https://registry.npmjs.org/require-directory 84ms (cache revalidated)
npm http fetch GET 200 https://registry.npmjs.org/get-caller-file 104ms (cache revalidated)
npm http fetch GET 200 https://registry.npmjs.org/boxen 691ms (cache revalidated)
npm http fetch GET 200 https://registry.npmjs.org/stack-trace 684ms (cache revalidated)
npm http fetch GET 200 https://registry.npmjs.org/cliui 677ms (cache revalidated)
npm http fetch GET 200 https://registry.npmjs.org/which-module 694ms (cache revalidated)
npm http fetch GET 200 https://registry.npmjs.org/lodash.union 86ms (cache revalidated)
npm http fetch GET 200 https://registry.npmjs.org/lodash.difference 94ms (cache revalidated)
npm http fetch GET 200 https://registry.npmjs.org/lodash.isplainobject 103ms (cache revalidated)
npm http fetch GET 200 https://registry.npmjs.org/normalize-path 100ms (cache revalidated)
npm http fetch GET 200 https://registry.npmjs.org/lodash.flatten 113ms (cache revalidated)
npm http fetch GET 200 https://registry.npmjs.org/lazystream 121ms (cache revalidated)
npm http fetch GET 200 https://registry.npmjs.org/string_decoder 112ms (cache revalidated)
npm http fetch GET 200 https://registry.npmjs.org/util-deprecate 109ms (cache revalidated)
npm http fetch GET 200 https://registry.npmjs.org/end-of-stream 107ms (cache revalidated)
npm http fetch GET 200 https://registry.npmjs.org/bl 111ms (cache revalidated)
npm http fetch GET 200 https://registry.npmjs.org/fs-constants 92ms (cache revalidated)
npm http fetch GET 200 https://registry.npmjs.org/compress-commons 88ms (cache revalidated)
npm http fetch GET 200 https://registry.npmjs.org/lodash.defaults 694ms (cache revalidated)
npm http fetch GET 200 https://registry.npmjs.org/isarray 66ms (cache revalidated)
npm http fetch GET 200 https://registry.npmjs.org/process-nextick-args 70ms (cache revalidated)
npm http fetch GET 200 https://registry.npmjs.org/core-util-is 74ms (cache revalidated)
npm http fetch GET 200 https://registry.npmjs.org/rimraf 59ms (cache revalidated)
npm http fetch GET 200 https://registry.npmjs.org/event-stream 108ms (cache revalidated)
npm http fetch GET 200 https://registry.npmjs.org/get-func-name 45ms (cache revalidated)
npm http fetch GET 200 https://registry.npmjs.org/color-convert 76ms (cache revalidated)
npm http fetch GET 200 https://registry.npmjs.org/has-flag 89ms (cache revalidated)
npm http fetch GET 200 https://registry.npmjs.org/color-name 48ms (cache revalidated)
npm http fetch GET 200 https://registry.npmjs.org/strip-ansi 54ms (cache revalidated)
npm http fetch GET 200 https://registry.npmjs.org/is-fullwidth-code-point 65ms (cache revalidated)
npm http fetch GET 200 https://registry.npmjs.org/emoji-regex 71ms (cache revalidated)
npm http fetch GET 200 https://registry.npmjs.org/lodash.once 80ms (cache revalidated)
npm http fetch GET 200 https://registry.npmjs.org/base64-js 84ms (cache revalidated)
npm http fetch GET 200 https://registry.npmjs.org/ieee754 116ms (cache revalidated)
npm http fetch GET 200 https://registry.npmjs.org/is-stream 114ms (cache revalidated)
npm http fetch GET 200 https://registry.npmjs.org/get-stream 123ms (cache revalidated)
npm http fetch GET 200 https://registry.npmjs.org/restore-cursor 138ms (cache revalidated)
npm http fetch GET 200 https://registry.npmjs.org/cross-spawn 135ms (cache revalidated)
npm http fetch GET 200 https://registry.npmjs.org/signal-exit 143ms (cache revalidated)
npm http fetch GET 200 https://registry.npmjs.org/merge-stream 145ms (cache revalidated)
npm http fetch GET 200 https://registry.npmjs.org/onetime 155ms (cache revalidated)
npm http fetch GET 200 https://registry.npmjs.org/@colors%2fcolors 164ms (cache revalidated)
npm http fetch GET 200 https://registry.npmjs.org/get-stream 87ms (cache hit)
npm http fetch GET 200 https://registry.npmjs.org/human-signals 135ms (cache revalidated)
npm http fetch GET 200 https://registry.npmjs.org/strip-final-newline 133ms (cache revalidated)
npm http fetch GET 200 https://registry.npmjs.org/npm-run-path 174ms (cache revalidated)
npm http fetch GET 200 https://registry.npmjs.org/ci-info 112ms (cache revalidated)
npm http fetch GET 200 https://registry.npmjs.org/at-least-node 126ms (cache revalidated)
npm http fetch GET 200 https://registry.npmjs.org/rfdc 110ms (cache revalidated)
npm http fetch GET 200 https://registry.npmjs.org/is-path-inside 120ms (cache revalidated)
npm http fetch GET 200 https://registry.npmjs.org/@types%2fyauzl 153ms (cache revalidated)
npm http fetch GET 200 https://registry.npmjs.org/global-dirs 139ms (cache revalidated)
npm http fetch GET 200 https://registry.npmjs.org/rxjs 141ms (cache revalidated)
npm http fetch GET 200 https://registry.npmjs.org/p-map 113ms (cache revalidated)
npm http fetch GET 200 https://registry.npmjs.org/through 139ms (cache revalidated)
npm http fetch GET 200 https://registry.npmjs.org/cli-truncate 107ms (cache revalidated)
npm http fetch GET 200 https://registry.npmjs.org/wrap-ansi 130ms (cache revalidated)
npm http fetch GET 200 https://registry.npmjs.org/colorette 138ms (cache revalidated)
npm http fetch GET 200 https://registry.npmjs.org/is-unicode-supported 122ms (cache revalidated)
npm http fetch GET 200 https://registry.npmjs.org/throttleit 116ms (cache revalidated)
npm http fetch GET 200 https://registry.npmjs.org/fd-slicer 697ms (cache revalidated)
npm http fetch GET 200 https://registry.npmjs.org/log-update 740ms (cache revalidated)
npm http fetch GET 200 https://registry.npmjs.org/sshpk 65ms (cache revalidated)
npm http fetch GET 200 https://registry.npmjs.org/psl 74ms (cache revalidated)
npm http fetch GET 200 https://registry.npmjs.org/assert-plus 100ms (cache revalidated)
npm http fetch GET 200 https://registry.npmjs.org/delayed-stream 107ms (cache revalidated)
npm http fetch GET 200 https://registry.npmjs.org/url-parse 98ms (cache revalidated)
npm http fetch GET 200 https://registry.npmjs.org/punycode 105ms (cache revalidated)
npm http fetch GET 200 https://registry.npmjs.org/side-channel 113ms (cache revalidated)
npm http fetch GET 200 https://registry.npmjs.org/asynckit 120ms (cache revalidated)
npm http fetch GET 200 https://registry.npmjs.org/jsprim 118ms (cache revalidated)
npm http fetch GET 200 https://registry.npmjs.org/mime-db 120ms (cache revalidated)
npm http fetch GET 200 https://registry.npmjs.org/unbzip2-stream 73ms (cache revalidated)
npm http fetch GET 200 https://registry.npmjs.org/file-type 84ms (cache revalidated)
npm http fetch GET 200 https://registry.npmjs.org/file-type 100ms (cache revalidated)
npm http fetch GET 200 https://registry.npmjs.org/file-type 107ms (cache revalidated)
npm http fetch GET 200 https://registry.npmjs.org/seek-bzip 665ms (cache revalidated)
npm http fetch GET 200 https://registry.npmjs.org/is-natural-number 661ms (cache revalidated)
npm http fetch GET 200 https://registry.npmjs.org/to-buffer 64ms (cache revalidated)
npm http fetch GET 200 https://registry.npmjs.org/xtend 65ms (cache revalidated)
npm http fetch GET 200 https://registry.npmjs.org/buffer-alloc 267ms (cache revalidated)
npm http fetch GET 200 https://registry.npmjs.org/object-assign 54ms (cache revalidated)
npm http fetch GET 200 https://registry.npmjs.org/pinkie-promise 56ms (cache revalidated)
npm http fetch GET 200 https://registry.npmjs.org/ansi-regex 49ms (cache revalidated)
npm http fetch GET 200 https://registry.npmjs.org/path-key 69ms (cache revalidated)
npm http fetch GET 200 https://registry.npmjs.org/which 69ms (cache revalidated)
npm http fetch GET 200 https://registry.npmjs.org/pump 74ms (cache revalidated)
npm http fetch GET 200 https://registry.npmjs.org/shebang-command 82ms (cache revalidated)
npm http fetch GET 200 https://registry.npmjs.org/mimic-fn 82ms (cache revalidated)
npm http fetch GET 200 https://registry.npmjs.org/path-key 95ms (cache revalidated)
npm http fetch GET 200 https://registry.npmjs.org/shebang-regex 55ms (cache revalidated)
npm http fetch GET 200 https://registry.npmjs.org/isexe 61ms (cache revalidated)
npm http fetch GET 200 https://registry.npmjs.org/undici-types 49ms (cache revalidated)
npm http fetch GET 200 https://registry.npmjs.org/pinkie 69ms (cache revalidated)
npm http fetch GET 200 https://registry.npmjs.org/wrappy 59ms (cache revalidated)
npm http fetch GET 200 https://registry.npmjs.org/brace-expansion 59ms (cache revalidated)
npm http fetch GET 200 https://registry.npmjs.org/verror 75ms (cache revalidated)
npm http fetch GET 200 https://registry.npmjs.org/getpass 88ms (cache revalidated)
npm http fetch GET 200 https://registry.npmjs.org/asn1 92ms (cache revalidated)
npm http fetch GET 200 https://registry.npmjs.org/dashdash 95ms (cache revalidated)
npm http fetch GET 200 https://registry.npmjs.org/json-schema 111ms (cache revalidated)
npm http fetch GET 200 https://registry.npmjs.org/safer-buffer 108ms (cache revalidated)
npm http fetch GET 200 https://registry.npmjs.org/bcrypt-pbkdf 105ms (cache revalidated)
npm http fetch GET 200 https://registry.npmjs.org/jsbn 110ms (cache revalidated)
npm http fetch GET 200 https://registry.npmjs.org/tweetnacl 110ms (cache revalidated)
npm http fetch GET 200 https://registry.npmjs.org/ecc-jsbn 111ms (cache revalidated)
npm http fetch GET 200 https://registry.npmjs.org/extsprintf 122ms (cache revalidated)
npm http fetch GET 200 https://registry.npmjs.org/exit 71ms (cache revalidated)
npm http fetch GET 200 https://registry.npmjs.org/jest-util 92ms (cache revalidated)
npm http fetch GET 200 https://registry.npmjs.org/slash 101ms (cache revalidated)
npm http fetch GET 200 https://registry.npmjs.org/jest-config 121ms (cache revalidated)
npm http fetch GET 200 https://registry.npmjs.org/jest-resolve 122ms (cache revalidated)
npm http fetch GET 200 https://registry.npmjs.org/jest-runtime 132ms (cache revalidated)
npm http fetch GET 200 https://registry.npmjs.org/jest-watcher 145ms (cache revalidated)
npm http fetch GET 200 https://registry.npmjs.org/jest-runner 159ms (cache revalidated)
npm http fetch GET 200 https://registry.npmjs.org/ansi-escapes 167ms (cache revalidated)
npm http fetch GET 200 https://registry.npmjs.org/micromatch 183ms (cache revalidated)
npm http fetch GET 200 https://registry.npmjs.org/@jest%2fconsole 190ms (cache revalidated)
npm http fetch GET 200 https://registry.npmjs.org/jest-snapshot 147ms (cache revalidated)
npm http fetch GET 200 https://registry.npmjs.org/jest-validate 171ms (cache revalidated)
npm http fetch GET 200 https://registry.npmjs.org/pretty-format 183ms (cache revalidated)
npm http fetch GET 200 https://registry.npmjs.org/jest-changed-files 134ms (cache revalidated)
npm http fetch GET 200 https://registry.npmjs.org/jest-regex-util 165ms (cache revalidated)
npm http fetch GET 200 https://registry.npmjs.org/jest-haste-map 206ms (cache revalidated)
npm http fetch GET 200 https://registry.npmjs.org/jest-message-util 168ms (cache revalidated)
npm http fetch GET 200 https://registry.npmjs.org/jest-resolve-dependencies 148ms (cache revalidated)
npm http fetch GET 200 https://registry.npmjs.org/@jest%2ftest-result 201ms (cache revalidated)
npm http fetch GET 200 https://registry.npmjs.org/@jest%2freporters 244ms (cache revalidated)
npm http fetch GET 200 https://registry.npmjs.org/@jest%2ftransform 244ms (cache revalidated)
npm http fetch GET 200 https://registry.npmjs.org/@types%2fistanbul-reports 165ms (cache revalidated)
npm http fetch GET 200 https://registry.npmjs.org/@jest%2fschemas 188ms (cache revalidated)
npm http fetch GET 200 https://registry.npmjs.org/resolve-cwd 124ms (cache revalidated)
npm http fetch GET 200 https://registry.npmjs.org/create-jest 118ms (cache revalidated)
npm http fetch GET 200 https://registry.npmjs.org/pkg-dir 144ms (cache revalidated)
npm http fetch GET 200 https://registry.npmjs.org/@types%2fistanbul-lib-coverage 176ms (cache revalidated)
npm http fetch GET 200 https://registry.npmjs.org/@types%2fyargs 797ms (cache revalidated)
npm http fetch GET 200 https://registry.npmjs.org/collect-v8-coverage 70ms (cache revalidated)
npm http fetch GET 200 https://registry.npmjs.org/istanbul-lib-report 76ms (cache revalidated)
npm http fetch GET 200 https://registry.npmjs.org/istanbul-lib-source-maps 82ms (cache revalidated)
npm http fetch GET 200 https://registry.npmjs.org/jest-worker 114ms (cache revalidated)
npm http fetch GET 200 https://registry.npmjs.org/string-length 123ms (cache revalidated)
npm http fetch GET 200 https://registry.npmjs.org/istanbul-lib-instrument 122ms (cache revalidated)
npm http fetch GET 200 https://registry.npmjs.org/istanbul-reports 138ms (cache revalidated)
npm http fetch GET 200 https://registry.npmjs.org/istanbul-lib-coverage 143ms (cache revalidated)
npm http fetch GET 200 https://registry.npmjs.org/v8-to-istanbul 158ms (cache revalidated)
npm http fetch GET 200 https://registry.npmjs.org/@jridgewell%2ftrace-mapping 152ms (cache revalidated)
npm http fetch GET 200 https://registry.npmjs.org/@bcoe%2fv8-coverage 180ms (cache revalidated)
npm http fetch GET 200 https://registry.npmjs.org/pirates 144ms (cache revalidated)
npm http fetch GET 200 https://registry.npmjs.org/@babel%2fcore 148ms (cache revalidated)
npm http fetch GET 200 https://registry.npmjs.org/fast-json-stable-stringify 108ms (cache revalidated)
npm http fetch GET 200 https://registry.npmjs.org/convert-source-map 139ms (cache revalidated)
npm http fetch GET 200 https://registry.npmjs.org/type-fest 133ms (cache revalidated)
npm http fetch GET 200 https://registry.npmjs.org/p-limit 134ms (cache revalidated)
npm http fetch GET 200 https://registry.npmjs.org/deepmerge 134ms (cache revalidated)
npm http fetch GET 200 https://registry.npmjs.org/parse-json 126ms (cache revalidated)
npm http fetch GET 200 https://registry.npmjs.org/jest-get-type 81ms (cache revalidated)
npm http fetch GET 200 https://registry.npmjs.org/babel-jest 163ms (cache revalidated)
npm http fetch GET 200 https://registry.npmjs.org/jest-circus 105ms (cache revalidated)
npm http fetch GET 200 https://registry.npmjs.org/jest-environment-node 127ms (cache revalidated)
npm http fetch GET 200 https://registry.npmjs.org/walker 113ms (cache revalidated)
npm http fetch GET 200 https://registry.npmjs.org/anymatch 116ms (cache revalidated)
npm http fetch GET 200 https://registry.npmjs.org/fb-watchman 118ms (cache revalidated)
npm http fetch GET 200 https://registry.npmjs.org/@types%2fgraceful-fs 129ms (cache revalidated)
npm http fetch GET 200 https://registry.npmjs.org/@jest%2ftest-sequencer 194ms (cache revalidated)
npm http fetch GET 200 https://registry.npmjs.org/fsevents 124ms (cache revalidated)
npm http fetch GET 200 https://registry.npmjs.org/stack-utils 123ms (cache revalidated)
npm http fetch GET 200 https://registry.npmjs.org/@types%2fstack-utils 85ms (cache revalidated)
npm http fetch GET 200 https://registry.npmjs.org/@babel%2fcode-frame 127ms (cache revalidated)
npm http fetch GET 200 https://registry.npmjs.org/resolve 100ms (cache revalidated)
npm http fetch GET 200 https://registry.npmjs.org/resolve.exports 106ms (cache revalidated)
npm http fetch GET 200 https://registry.npmjs.org/emittery 99ms (cache revalidated)
npm http fetch GET 200 https://registry.npmjs.org/jest-pnp-resolver 121ms (cache revalidated)
npm http fetch GET 200 https://registry.npmjs.org/jest-leak-detector 93ms (cache revalidated)
npm http fetch GET 200 https://registry.npmjs.org/jest-docblock 124ms (cache revalidated)
npm http fetch GET 200 https://registry.npmjs.org/source-map-support 108ms (cache revalidated)
npm http fetch GET 200 https://registry.npmjs.org/@jest%2fenvironment 138ms (cache revalidated)
npm http fetch GET 200 https://registry.npmjs.org/jest-mock 121ms (cache revalidated)
npm http fetch GET 200 https://registry.npmjs.org/strip-bom 113ms (cache revalidated)
npm http fetch GET 200 https://registry.npmjs.org/cjs-module-lexer 85ms (cache revalidated)
npm http fetch GET 200 https://registry.npmjs.org/@jest%2fglobals 133ms (cache revalidated)
npm http fetch GET 200 https://registry.npmjs.org/@jest%2fsource-map 125ms (cache revalidated)
npm http fetch GET 200 https://registry.npmjs.org/natural-compare 87ms (cache revalidated)
npm http fetch GET 200 https://registry.npmjs.org/@jest%2ffake-timers 126ms (cache revalidated)
npm http fetch GET 200 https://registry.npmjs.org/jest-diff 112ms (cache revalidated)
npm http fetch GET 200 https://registry.npmjs.org/@babel%2ftypes 132ms (cache revalidated)
npm http fetch GET 200 https://registry.npmjs.org/expect 151ms (cache revalidated)
npm http fetch GET 200 https://registry.npmjs.org/jest-matcher-utils 90ms (cache revalidated)
npm http fetch GET 200 https://registry.npmjs.org/@babel%2fgenerator 148ms (cache revalidated)
npm http fetch GET 200 https://registry.npmjs.org/@babel%2fplugin-syntax-jsx 117ms (cache revalidated)
npm http fetch GET 200 https://registry.npmjs.org/@jest%2fexpect-utils 160ms (cache revalidated)
npm http fetch GET 200 https://registry.npmjs.org/babel-plugin-istanbul 703ms (cache revalidated)
npm http fetch GET 200 https://registry.npmjs.org/@babel%2fplugin-syntax-typescript 124ms (cache revalidated)
npm http fetch GET 200 https://registry.npmjs.org/babel-preset-current-node-syntax 136ms (cache revalidated)
npm http fetch GET 200 https://registry.npmjs.org/write-file-atomic 753ms (cache revalidated)
npm http fetch GET 200 https://registry.npmjs.org/braces 97ms (cache revalidated)
npm http fetch GET 200 https://registry.npmjs.org/leven 119ms (cache revalidated)
npm http fetch GET 200 https://registry.npmjs.org/react-is 87ms (cache revalidated)
npm http fetch GET 200 https://registry.npmjs.org/camelcase 166ms (cache revalidated)
npm http fetch GET 200 https://registry.npmjs.org/picomatch 729ms (cache revalidated)
npm http fetch GET 200 https://registry.npmjs.org/picomatch 690ms (cache revalidated)
npm http fetch GET 200 https://registry.npmjs.org/source-map 69ms (cache revalidated)
npm http fetch GET 200 https://registry.npmjs.org/html-escaper 78ms (cache revalidated)
npm http fetch GET 200 https://registry.npmjs.org/char-regex 78ms (cache revalidated)
npm http fetch GET 200 https://registry.npmjs.org/@babel%2fparser 106ms (cache revalidated)
npm http fetch GET 200 https://registry.npmjs.org/@istanbuljs%2fschema 119ms (cache revalidated)
npm http fetch GET 200 https://registry.npmjs.org/@jridgewell%2fsourcemap-codec 136ms (cache revalidated)
npm http fetch GET 200 https://registry.npmjs.org/@jridgewell%2fresolve-uri 908ms (cache revalidated)
npm http fetch GET 200 https://registry.npmjs.org/@babel%2fhelper-compilation-targets 90ms (cache revalidated)
npm http fetch GET 200 https://registry.npmjs.org/gensync 99ms (cache revalidated)
npm http fetch GET 200 https://registry.npmjs.org/test-exclude 100ms (cache revalidated)
npm http fetch GET 200 https://registry.npmjs.org/@babel%2fhelpers 125ms (cache revalidated)
npm http fetch GET 200 https://registry.npmjs.org/@babel%2ftemplate 143ms (cache revalidated)
npm http fetch GET 200 https://registry.npmjs.org/@babel%2fhelper-module-transforms 149ms (cache revalidated)
npm http fetch GET 200 https://registry.npmjs.org/json5 147ms (cache revalidated)
npm http fetch GET 200 https://registry.npmjs.org/@ampproject%2fremapping 165ms (cache revalidated)
npm http fetch GET 200 https://registry.npmjs.org/@istanbuljs%2fload-nyc-config 155ms (cache revalidated)
npm http fetch GET 200 https://registry.npmjs.org/imurmurhash 80ms (cache revalidated)
npm http fetch GET 200 https://registry.npmjs.org/@babel%2fhelper-plugin-utils 161ms (cache revalidated)
npm http fetch GET 200 https://registry.npmjs.org/@babel%2ftraverse 175ms (cache revalidated)
npm http fetch GET 200 https://registry.npmjs.org/picocolors 80ms (cache revalidated)
npm http fetch GET 200 https://registry.npmjs.org/browserslist 93ms (cache revalidated)
npm http fetch GET 200 https://registry.npmjs.org/@babel%2fcompat-data 111ms (cache revalidated)
npm http fetch GET 200 https://registry.npmjs.org/@babel%2fhighlight 120ms (cache revalidated)
npm http fetch GET 200 https://registry.npmjs.org/jsesc 128ms (cache revalidated)
npm http fetch GET 200 https://registry.npmjs.org/@jridgewell%2fgen-mapping 155ms (cache revalidated)
npm http fetch GET 200 https://registry.npmjs.org/lru-cache 156ms (cache revalidated)
npm http fetch GET 200 https://registry.npmjs.org/@babel%2fhelper-validator-option 172ms (cache revalidated)
npm http fetch GET 200 https://registry.npmjs.org/@babel%2fhelper-module-imports 170ms (cache revalidated)
npm http fetch GET 200 https://registry.npmjs.org/@babel%2fhelper-environment-visitor 176ms (cache revalidated)
npm http fetch GET 200 https://registry.npmjs.org/@babel%2fhelper-simple-access 117ms (cache revalidated)
npm http fetch GET 200 https://registry.npmjs.org/to-fast-properties 69ms (cache revalidated)
npm http fetch GET 200 https://registry.npmjs.org/@babel%2fhelper-validator-identifier 139ms (cache revalidated)
npm http fetch GET 200 https://registry.npmjs.org/@babel%2fhelper-function-name 139ms (cache revalidated)
npm http fetch GET 200 https://registry.npmjs.org/globals 111ms (cache revalidated)
npm http fetch GET 200 https://registry.npmjs.org/@babel%2fhelper-hoist-variables 134ms (cache revalidated)
npm http fetch GET 200 https://registry.npmjs.org/@babel%2fhelper-string-parser 114ms (cache revalidated)
npm http fetch GET 200 https://registry.npmjs.org/@babel%2fhelper-split-export-declaration 774ms (cache revalidated)
npm http fetch GET 200 https://registry.npmjs.org/@jridgewell%2fset-array 92ms (cache revalidated)
npm http fetch GET 200 https://registry.npmjs.org/js-tokens 54ms (cache revalidated)
npm http fetch GET 200 https://registry.npmjs.org/update-browserslist-db 64ms (cache revalidated)
npm http fetch GET 200 https://registry.npmjs.org/electron-to-chromium 74ms (cache revalidated)
npm http fetch GET 200 https://registry.npmjs.org/yallist 137ms (cache revalidated)
npm http fetch GET 200 https://registry.npmjs.org/node-releases 143ms (cache revalidated)
npm http fetch GET 200 https://registry.npmjs.org/caniuse-lite 151ms (cache revalidated)
npm http fetch GET 200 https://registry.npmjs.org/@types%2fyargs-parser 69ms (cache revalidated)
npm http fetch GET 200 https://registry.npmjs.org/@types%2fistanbul-lib-report 78ms (cache revalidated)
npm http fetch GET 200 https://registry.npmjs.org/@sinclair%2ftypebox 134ms (cache revalidated)
npm http fetch GET 200 https://registry.npmjs.org/resolve-from 67ms (cache revalidated)
npm http fetch GET 200 https://registry.npmjs.org/get-package-type 111ms (cache revalidated)
npm http fetch GET 200 https://registry.npmjs.org/locate-path 66ms (cache revalidated)
npm http fetch GET 200 https://registry.npmjs.org/path-exists 67ms (cache revalidated)
npm http fetch GET 200 https://registry.npmjs.org/argparse 72ms (cache revalidated)
npm http fetch GET 200 https://registry.npmjs.org/esprima 664ms (cache revalidated)
npm http fetch GET 200 https://registry.npmjs.org/escalade 53ms (cache revalidated)
npm http fetch GET 200 https://registry.npmjs.org/p-locate 49ms (cache revalidated)
npm http fetch GET 200 https://registry.npmjs.org/yocto-queue 62ms (cache revalidated)
npm http fetch GET 200 https://registry.npmjs.org/prompts 632ms (cache revalidated)
npm http fetch GET 200 https://registry.npmjs.org/sisteransi 62ms (cache revalidated)
npm http fetch GET 200 https://registry.npmjs.org/kleur 651ms (cache revalidated)
npm http fetch GET 200 https://registry.npmjs.org/babel-preset-jest 82ms (cache revalidated)
npm http fetch GET 200 https://registry.npmjs.org/jest-each 95ms (cache revalidated)
npm http fetch GET 200 https://registry.npmjs.org/is-generator-fn 104ms (cache revalidated)
npm http fetch GET 200 https://registry.npmjs.org/lines-and-columns 101ms (cache revalidated)
npm http fetch GET 200 https://registry.npmjs.org/pure-rand 126ms (cache revalidated)
npm http fetch GET 200 https://registry.npmjs.org/error-ex 125ms (cache revalidated)
npm http fetch GET 200 https://registry.npmjs.org/json-parse-even-better-errors 126ms (cache revalidated)
npm http fetch GET 200 https://registry.npmjs.org/dedent 136ms (cache revalidated)
npm http fetch GET 200 https://registry.npmjs.org/co 140ms (cache revalidated)
npm http fetch GET 200 https://registry.npmjs.org/@jest%2fexpect 140ms (cache revalidated)
npm http fetch GET 200 https://registry.npmjs.org/@types%2fbabel__core 1318ms (cache revalidated)
npm http fetch GET 200 https://registry.npmjs.org/babel-plugin-jest-hoist 48ms (cache revalidated)
npm http fetch GET 200 https://registry.npmjs.org/@types%2fbabel__traverse 78ms (cache revalidated)
npm http fetch GET 200 https://registry.npmjs.org/@types%2fbabel__generator 92ms (cache revalidated)
npm http fetch GET 200 https://registry.npmjs.org/@types%2fbabel__template 1273ms (cache revalidated)
npm http fetch GET 200 https://registry.npmjs.org/@babel%2fplugin-syntax-bigint 101ms (cache revalidated)
npm http fetch GET 200 https://registry.npmjs.org/@babel%2fplugin-syntax-json-strings 98ms (cache revalidated)
npm http fetch GET 200 https://registry.npmjs.org/@babel%2fplugin-syntax-object-rest-spread 99ms (cache revalidated)
npm http fetch GET 200 https://registry.npmjs.org/@babel%2fplugin-syntax-logical-assignment-operators 107ms (cache revalidated)
npm http fetch GET 200 https://registry.npmjs.org/@babel%2fplugin-syntax-optional-catch-binding 113ms (cache revalidated)
npm http fetch GET 200 https://registry.npmjs.org/@babel%2fplugin-syntax-nullish-coalescing-operator 122ms (cache revalidated)
npm http fetch GET 200 https://registry.npmjs.org/@babel%2fplugin-syntax-optional-chaining 121ms (cache revalidated)
npm http fetch GET 200 https://registry.npmjs.org/@babel%2fplugin-syntax-numeric-separator 129ms (cache revalidated)
npm http fetch GET 200 https://registry.npmjs.org/@babel%2fplugin-syntax-class-properties 146ms (cache revalidated)
npm http fetch GET 200 https://registry.npmjs.org/@babel%2fplugin-syntax-import-meta 146ms (cache revalidated)
npm http fetch GET 200 https://registry.npmjs.org/@babel%2fplugin-syntax-async-generators 157ms (cache revalidated)
npm http fetch GET 200 https://registry.npmjs.org/@babel%2fplugin-syntax-top-level-await 79ms (cache revalidated)
npm http fetch GET 200 https://registry.npmjs.org/@sinonjs%2ffake-timers 86ms (cache revalidated)
npm http fetch GET 200 https://registry.npmjs.org/@sinonjs%2fcommons 93ms (cache revalidated)
npm http fetch GET 200 https://registry.npmjs.org/type-detect 49ms (cache revalidated)
npm http fetch GET 200 https://registry.npmjs.org/makeerror 54ms (cache revalidated)
npm http fetch GET 200 https://registry.npmjs.org/bser 86ms (cache revalidated)
npm http fetch GET 200 https://registry.npmjs.org/node-int64 59ms (cache revalidated)
npm http fetch GET 200 https://registry.npmjs.org/diff-sequences 65ms (cache revalidated)
npm http fetch GET 200 https://registry.npmjs.org/supports-preserve-symlinks-flag 56ms (cache revalidated)
npm http fetch GET 200 https://registry.npmjs.org/path-parse 59ms (cache revalidated)
npm http fetch GET 200 https://registry.npmjs.org/is-core-module 65ms (cache revalidated)
npm http fetch GET 200 https://registry.npmjs.org/buffer-from 53ms (cache revalidated)
npm http fetch GET 200 https://registry.npmjs.org/detect-newline 69ms (cache revalidated)
npm http fetch GET 200 https://registry.npmjs.org/callsites 59ms (cache revalidated)
npm http fetch GET 200 https://registry.npmjs.org/sprintf-js 51ms (cache revalidated)
npm http fetch GET 200 https://registry.npmjs.org/tslib 76ms (cache revalidated)
npm http fetch GET 200 https://registry.npmjs.org/aggregate-error 685ms (cache revalidated)
npm http fetch GET 200 https://registry.npmjs.org/astral-regex 63ms (cache revalidated)
npm http fetch GET 200 https://registry.npmjs.org/fill-range 55ms (cache revalidated)
npm http fetch GET 200 https://registry.npmjs.org/to-regex-range 54ms (cache revalidated)
npm http fetch GET 200 https://registry.npmjs.org/is-number 64ms (cache revalidated)
npm http fetch GET 200 https://registry.npmjs.org/balanced-match 55ms (cache revalidated)
npm http fetch GET 200 https://registry.npmjs.org/concat-map 59ms (cache revalidated)
npm http fetch GET 200 https://registry.npmjs.org/is-glob 79ms (cache revalidated)
npm http fetch GET 200 https://registry.npmjs.org/randombytes 89ms (cache revalidated)
npm http fetch GET 200 https://registry.npmjs.org/is-plain-obj 75ms (cache revalidated)
npm http fetch GET 200 https://registry.npmjs.org/readdirp 110ms (cache revalidated)
npm http fetch GET 200 https://registry.npmjs.org/flat 97ms (cache revalidated)
npm http fetch GET 200 https://registry.npmjs.org/glob-parent 123ms (cache revalidated)
npm http fetch GET 200 https://registry.npmjs.org/is-binary-path 129ms (cache revalidated)
npm http fetch GET 200 https://registry.npmjs.org/binary-extensions 61ms (cache revalidated)
npm http fetch GET 200 https://registry.npmjs.org/is-extglob 63ms (cache revalidated)
npm http fetch GET 200 https://registry.npmjs.org/easy-stack 55ms (cache revalidated)
npm http fetch GET 200 https://registry.npmjs.org/p-try 65ms (cache revalidated)
npm http fetch GET 200 https://registry.npmjs.org/indent-string 53ms (cache revalidated)
npm http fetch GET 200 https://registry.npmjs.org/clean-stack 81ms (cache revalidated)
npm http fetch GET 200 https://registry.npmjs.org/is-arrayish 59ms (cache revalidated)
npm http fetch GET 200 https://registry.npmjs.org/pause-stream 58ms (cache revalidated)
npm http fetch GET 200 https://registry.npmjs.org/duplexer 75ms (cache revalidated)
npm http fetch GET 200 https://registry.npmjs.org/from 83ms (cache revalidated)
npm http fetch GET 200 https://registry.npmjs.org/stream-combiner 80ms (cache revalidated)
npm http fetch GET 200 https://registry.npmjs.org/map-stream 88ms (cache revalidated)
npm http fetch GET 200 https://registry.npmjs.org/split 91ms (cache revalidated)
npm http fetch GET 200 https://registry.npmjs.org/object-inspect 54ms (cache revalidated)
npm http fetch GET 200 https://registry.npmjs.org/get-intrinsic 68ms (cache revalidated)
npm http fetch GET 200 https://registry.npmjs.org/call-bind 75ms (cache revalidated)
npm http fetch GET 200 https://registry.npmjs.org/es-errors 79ms (cache revalidated)
npm http fetch GET 200 https://registry.npmjs.org/har-schema 63ms (cache revalidated)
npm http fetch GET 200 https://registry.npmjs.org/uri-js 51ms (cache revalidated)
npm http fetch GET 200 https://registry.npmjs.org/json-schema-traverse 55ms (cache revalidated)
npm http fetch GET 200 https://registry.npmjs.org/fast-deep-equal 80ms (cache revalidated)
npm http fetch GET 200 https://registry.npmjs.org/hasown 61ms (cache revalidated)
npm http fetch GET 200 https://registry.npmjs.org/function-bind 52ms (cache revalidated)
npm http fetch GET 200 https://registry.npmjs.org/has-proto 65ms (cache revalidated)
npm http fetch GET 200 https://registry.npmjs.org/set-function-length 70ms (cache revalidated)
npm http fetch GET 200 https://registry.npmjs.org/es-define-property 74ms (cache revalidated)
npm http fetch GET 200 https://registry.npmjs.org/has-symbols 76ms (cache revalidated)
npm http fetch GET 200 https://registry.npmjs.org/define-data-property 58ms (cache revalidated)
npm http fetch GET 200 https://registry.npmjs.org/has-property-descriptors 60ms (cache revalidated)
npm http fetch GET 200 https://registry.npmjs.org/gopd 66ms (cache revalidated)
npm http fetch GET 200 https://registry.npmjs.org/querystringify 53ms (cache revalidated)
npm http fetch GET 200 https://registry.npmjs.org/requires-port 81ms (cache revalidated)
npm http fetch GET 200 https://registry.npmjs.org/unique-string 62ms (cache revalidated)
npm http fetch GET 200 https://registry.npmjs.org/cli-boxes 77ms (cache revalidated)
npm http fetch GET 200 https://registry.npmjs.org/ansi-align 81ms (cache revalidated)
npm http fetch GET 200 https://registry.npmjs.org/escape-goat 73ms (cache revalidated)
npm http fetch GET 200 https://registry.npmjs.org/widest-line 90ms (cache revalidated)
npm http fetch GET 200 https://registry.npmjs.org/dot-prop 90ms (cache revalidated)
npm http fetch GET 200 https://registry.npmjs.org/package-json 82ms (cache revalidated)
npm http fetch GET 200 https://registry.npmjs.org/eastasianwidth 54ms (cache revalidated)
npm http fetch GET 200 https://registry.npmjs.org/is-obj 52ms (cache revalidated)
npm http fetch GET 200 https://registry.npmjs.org/typedarray-to-buffer 59ms (cache revalidated)
npm http fetch GET 200 https://registry.npmjs.org/crypto-random-string 85ms (cache revalidated)
npm http fetch GET 200 https://registry.npmjs.org/registry-url 64ms (cache revalidated)
npm http fetch GET 200 https://registry.npmjs.org/registry-auth-token 661ms (cache revalidated)
npm http fetch GET 200 https://registry.npmjs.org/got 668ms (cache revalidated)
npm http fetch GET 200 https://registry.npmjs.org/http2-wrapper 93ms (cache revalidated)
npm http fetch GET 200 https://registry.npmjs.org/p-cancelable 104ms (cache revalidated)
npm http fetch GET 200 https://registry.npmjs.org/lowercase-keys 127ms (cache revalidated)
npm http fetch GET 200 https://registry.npmjs.org/form-data-encoder 126ms (cache revalidated)
npm http fetch GET 200 https://registry.npmjs.org/responselike 137ms (cache revalidated)
npm http fetch GET 200 https://registry.npmjs.org/cacheable-lookup 137ms (cache revalidated)
npm http fetch GET 200 https://registry.npmjs.org/cacheable-request 140ms (cache revalidated)
npm http fetch GET 200 https://registry.npmjs.org/decompress-response 147ms (cache revalidated)
npm http fetch GET 200 https://registry.npmjs.org/@pnpm%2fnpm-conf 137ms (cache revalidated)
npm http fetch GET 200 https://registry.npmjs.org/rc 95ms (cache revalidated)
npm http fetch GET 200 https://registry.npmjs.org/@szmarczak%2fhttp-timer 403ms (cache revalidated)
npm http fetch GET 200 https://registry.npmjs.org/@sindresorhus%2fis 1615ms (cache revalidated)
npm http fetch GET 200 https://registry.npmjs.org/keyv 78ms (cache revalidated)
npm http fetch GET 200 https://registry.npmjs.org/defer-to-connect 93ms (cache revalidated)
npm http fetch GET 200 https://registry.npmjs.org/normalize-url 90ms (cache revalidated)
npm http fetch GET 200 https://registry.npmjs.org/quick-lru 91ms (cache revalidated)
npm http fetch GET 200 https://registry.npmjs.org/resolve-alpn 99ms (cache revalidated)
npm http fetch GET 200 https://registry.npmjs.org/@types%2fhttp-cache-semantics 285ms (cache revalidated)
npm http fetch GET 200 https://registry.npmjs.org/http-cache-semantics 671ms (cache revalidated)
npm http fetch GET 200 https://registry.npmjs.org/mimic-response 671ms (cache revalidated)
npm http fetch GET 200 https://registry.npmjs.org/mimic-response 698ms (cache revalidated)
npm http fetch GET 200 https://registry.npmjs.org/json-buffer 65ms (cache revalidated)
npm http fetch GET 200 https://registry.npmjs.org/config-chain 54ms (cache revalidated)
npm http fetch GET 200 https://registry.npmjs.org/@pnpm%2fnetwork.ca-file 79ms (cache revalidated)
npm http fetch GET 200 https://registry.npmjs.org/@pnpm%2fconfig.env-replace 83ms (cache revalidated)
npm http fetch GET 200 https://registry.npmjs.org/proto-list 65ms (cache revalidated)
npm http fetch GET 200 https://registry.npmjs.org/deep-extend 73ms (cache revalidated)
npm http fetch GET 200 https://registry.npmjs.org/tmpl 57ms (cache revalidated)
npm http fetch GET 200 https://registry.npmjs.org/pend 50ms (cache revalidated)
npm http fetch GET 200 https://registry.npmjs.org/crc32-stream 59ms (cache revalidated)
npm http fetch GET 200 https://registry.npmjs.org/crc-32 64ms (cache revalidated)
npm http fetch GET 200 https://registry.npmjs.org/buffer-alloc-unsafe 655ms (cache revalidated)
npm http fetch GET 200 https://registry.npmjs.org/buffer-fill 747ms (cache revalidated)
npm verbose reify failed optional dependency D:\Documentos\OneDrive\Documentos\Pos Graduao\06 - Automao de Testes em Web\automacao-web-pgats\tmpBstackPackages\node_modules\fsevents
npm http fetch POST 200 https://registry.npmjs.org/-/npm/v1/security/advisories/bulk 1577ms
npm warn deprecated inflight@1.0.6: This module is not supported, and leaks memory. Do not use it. Check out lru-cache if you want a good and tested way to coalesce async requests by a key value, which is much more comprehensive and powerful.
npm warn deprecated rimraf@2.5.4: Rimraf versions prior to v4 are no longer supported
npm warn deprecated har-validator@5.1.5: this library is no longer supported
npm warn deprecated glob@7.2.3: Glob versions prior to v9 are no longer supported
npm warn deprecated glob@8.1.0: Glob versions prior to v9 are no longer supported
npm warn deprecated uuid@3.4.0: Please upgrade  to version 7 or higher.  Older versions may use Math.random() in certain circumstances, which is known to be problematic.  See https://v8.dev/blog/math-random for details.
npm warn deprecated request@2.88.2: request has been deprecated, see https://github.com/request/request/issues/3142
npm info run cypress@13.13.1 postinstall node_modules/cypress node index.js --exec install
npm info run cypress@13.13.1 postinstall { code: 0, signal: null }

added 680 packages, and audited 681 packages in 52s

107 packages are looking for funding
  run `npm fund` for details

3 moderate severity vulnerabilities

To address all issues (including breaking changes), run:
  npm audit fix --force

Run `npm audit` for details.
npm verbose exit 0
npm info ok
